0 info it worked if it ends with ok
1 verbose cli [ '/usr/bin/node', '/usr/bin/npm', 'publish' ]
2 info using npm@1.4.28
3 info using node@v0.10.35
4 verbose node symlink /usr/bin/node
5 verbose publish [ '.' ]
6 verbose cache add [ '.', null ]
7 verbose cache add name=undefined spec="." args=[".",null]
8 verbose parsed url { protocol: null,
8 verbose parsed url   slashes: null,
8 verbose parsed url   auth: null,
8 verbose parsed url   host: null,
8 verbose parsed url   port: null,
8 verbose parsed url   hostname: null,
8 verbose parsed url   hash: null,
8 verbose parsed url   search: null,
8 verbose parsed url   query: null,
8 verbose parsed url   pathname: '.',
8 verbose parsed url   path: '.',
8 verbose parsed url   href: '.' }
9 silly lockFile 3a52ce78- .
10 verbose lock . /root/.npm/3a52ce78-.lock
11 verbose tar pack [ '/root/.npm/meteor-base64/1.0.0/package.tgz', '.' ]
12 verbose tarball /root/.npm/meteor-base64/1.0.0/package.tgz
13 verbose folder .
14 info prepublish meteor-base64@1.0.0
15 silly lockFile 1f1177db-tar tar://.
16 verbose lock tar://. /root/.npm/1f1177db-tar.lock
17 silly lockFile 92075e15--meteor-base64-1-0-0-package-tgz tar:///root/.npm/meteor-base64/1.0.0/package.tgz
18 verbose lock tar:///root/.npm/meteor-base64/1.0.0/package.tgz /root/.npm/92075e15--meteor-base64-1-0-0-package-tgz.lock
19 silly lockFile 1f1177db-tar tar://.
20 silly lockFile 1f1177db-tar tar://.
21 silly lockFile 92075e15--meteor-base64-1-0-0-package-tgz tar:///root/.npm/meteor-base64/1.0.0/package.tgz
22 silly lockFile 92075e15--meteor-base64-1-0-0-package-tgz tar:///root/.npm/meteor-base64/1.0.0/package.tgz
23 silly lockFile ef2d86ed--npm-meteor-base64-1-0-0-package /root/.npm/meteor-base64/1.0.0/package
24 verbose lock /root/.npm/meteor-base64/1.0.0/package /root/.npm/ef2d86ed--npm-meteor-base64-1-0-0-package.lock
25 silly lockFile ef2d86ed--npm-meteor-base64-1-0-0-package /root/.npm/meteor-base64/1.0.0/package
26 silly lockFile ef2d86ed--npm-meteor-base64-1-0-0-package /root/.npm/meteor-base64/1.0.0/package
27 silly lockFile 3a52ce78- .
28 silly lockFile 3a52ce78- .
29 silly publish { name: 'meteor-base64',
29 silly publish   version: '1.0.0',
29 silly publish   description: '',
29 silly publish   main: 'base64.js',
29 silly publish   scripts: { test: 'echo "Error: no test specified" && exit 1' },
29 silly publish   author: '',
29 silly publish   license: 'ISC',
29 silly publish   readme: 'ERROR: No README data found!',
29 silly publish   _id: 'meteor-base64@1.0.0',
29 silly publish   _shasum: '0965fa37c8c6c59552934ec42ae57294776d44fe',
29 silly publish   _from: '.' }
30 error need auth auth and email required for publishing
30 error need auth You need to authorize this machine using `npm adduser`
31 error System Linux 3.13.0-40-generic
32 error command "/usr/bin/node" "/usr/bin/npm" "publish"
33 error cwd /usr/local/src/blaze/modules/meteor-base64
34 error node -v v0.10.35
35 error npm -v 1.4.28
36 error code ENEEDAUTH
37 verbose exit [ 1, true ]
