0 info it worked if it ends with ok
1 verbose cli [ '/usr/bin/node', '/usr/bin/npm', 'publish' ]
2 info using npm@1.4.28
3 info using node@v0.10.35
4 verbose node symlink /usr/bin/node
5 verbose publish [ '.' ]
6 verbose cache add [ '.', null ]
7 verbose cache add name=undefined spec="." args=[".",null]
8 verbose parsed url { protocol: null,
8 verbose parsed url   slashes: null,
8 verbose parsed url   auth: null,
8 verbose parsed url   host: null,
8 verbose parsed url   port: null,
8 verbose parsed url   hostname: null,
8 verbose parsed url   hash: null,
8 verbose parsed url   search: null,
8 verbose parsed url   query: null,
8 verbose parsed url   pathname: '.',
8 verbose parsed url   path: '.',
8 verbose parsed url   href: '.' }
9 silly lockFile 3a52ce78- .
10 verbose lock . /root/.npm/3a52ce78-.lock
11 verbose tar pack [ '/root/.npm/meteor-html-tools/1.0.0/package.tgz', '.' ]
12 verbose tarball /root/.npm/meteor-html-tools/1.0.0/package.tgz
13 verbose folder .
14 info prepublish meteor-html-tools@1.0.0
15 silly lockFile 1f1177db-tar tar://.
16 verbose lock tar://. /root/.npm/1f1177db-tar.lock
17 silly lockFile f16cf61b-eor-html-tools-1-0-0-package-tgz tar:///root/.npm/meteor-html-tools/1.0.0/package.tgz
18 verbose lock tar:///root/.npm/meteor-html-tools/1.0.0/package.tgz /root/.npm/f16cf61b-eor-html-tools-1-0-0-package-tgz.lock
19 silly lockFile 1f1177db-tar tar://.
20 silly lockFile 1f1177db-tar tar://.
21 silly lockFile f16cf61b-eor-html-tools-1-0-0-package-tgz tar:///root/.npm/meteor-html-tools/1.0.0/package.tgz
22 silly lockFile f16cf61b-eor-html-tools-1-0-0-package-tgz tar:///root/.npm/meteor-html-tools/1.0.0/package.tgz
23 silly lockFile d167a8c6--meteor-html-tools-1-0-0-package /root/.npm/meteor-html-tools/1.0.0/package
24 verbose lock /root/.npm/meteor-html-tools/1.0.0/package /root/.npm/d167a8c6--meteor-html-tools-1-0-0-package.lock
25 silly lockFile d167a8c6--meteor-html-tools-1-0-0-package /root/.npm/meteor-html-tools/1.0.0/package
26 silly lockFile d167a8c6--meteor-html-tools-1-0-0-package /root/.npm/meteor-html-tools/1.0.0/package
27 silly lockFile 3a52ce78- .
28 silly lockFile 3a52ce78- .
29 silly publish { name: 'meteor-html-tools',
29 silly publish   version: '1.0.0',
29 silly publish   description: '',
29 silly publish   main: 'html-tools.js',
29 silly publish   scripts: { test: 'echo "Error: no test specified" && exit 1' },
29 silly publish   author: '',
29 silly publish   license: 'ISC',
29 silly publish   readme: 'ERROR: No README data found!',
29 silly publish   _id: 'meteor-html-tools@1.0.0',
29 silly publish   _shasum: 'aa33aaa0082f590999e15eeda671a9499671a1c3',
29 silly publish   _from: '.' }
30 verbose request where is /meteor-html-tools
31 verbose request registry https://registry.npmjs.org/
32 verbose request id de106b36ea42ca0a
33 verbose url raw /meteor-html-tools
34 verbose url resolving [ 'https://registry.npmjs.org/', './meteor-html-tools' ]
35 verbose url resolved https://registry.npmjs.org/meteor-html-tools
36 verbose request where is https://registry.npmjs.org/meteor-html-tools
37 info trying registry request attempt 1 at 16:58:05
38 http PUT https://registry.npmjs.org/meteor-html-tools
39 http 403 https://registry.npmjs.org/meteor-html-tools
40 verbose headers { date: 'Tue, 20 Jan 2015 15:58:07 GMT',
40 verbose headers   server: 'CouchDB/1.5.0 (Erlang OTP/R16B03)',
40 verbose headers   'content-type': 'application/json',
40 verbose headers   'cache-control': 'max-age=60',
40 verbose headers   'content-length': '1481',
40 verbose headers   'accept-ranges': 'bytes',
40 verbose headers   via: '1.1 varnish',
40 verbose headers   'x-served-by': 'cache-ams4140-AMS',
40 verbose headers   'x-cache': 'MISS',
40 verbose headers   'x-cache-hits': '0',
40 verbose headers   'x-timer': 'S1421769486.712274,VS0,VE478',
40 verbose headers   'keep-alive': 'timeout=10, max=50',
40 verbose headers   connection: 'Keep-Alive' }
41 error publish Failed PUT 403
42 error Error: forbidden cannot modify pre-existing version: 1.0.0
42 error old={"name":"meteor-html-tools","version":"1.0.0","description":"","main":"html-tools.js","scripts":{"test":"echo \"Error: no test specified\" && exit 1"},"author":"","license":"ISC","_id":"meteor-html-tools@1.0.0","_shasum":"60c2b75c4b82dedb90b7e2fe31f82a491f589b74","_from":".","_npmVersion":"1.4.28","_npmUser":{"name":"sgarcia","email":"sergio.garcia.murillo@gmail.com"},"maintainers":[{"name":"sgarcia","email":"sergio.garcia.murillo@gmail.com"}],"dist":{"shasum":"60c2b75c4b82dedb90b7e2fe31f82a491f589b74","tarball":"http://registry.npmjs.org/meteor-html-tools/-/meteor-html-tools-1.0.0.tgz"}}
42 error new={"name":"meteor-html-tools","version":"1.0.0","description":"","main":"html-tools.js","scripts":{"test":"echo \"Error: no test specified\" && exit 1"},"author":"","license":"ISC","readme":"ERROR: No README data found!","_id":"meteor-html-tools@1.0.0","_shasum":"aa33aaa0082f590999e15eeda671a9499671a1c3","_from":".","_npmVersion":"1.4.28","_npmUser":{"name":"sgarcia","email":"sergio.garcia.murillo@gmail.com"},"maintainers":[{"name":"sgarcia","email":"sergio.garcia.murillo@gmail.com"}],"dist":{"shasum":"aa33aaa0082f590999e15eeda671a9499671a1c3","tarball":"http://registry.npmjs.org/meteor-html-tools/-/meteor-html-tools-1.0.0.tgz"}}: meteor-html-tools
42 error     at RegClient.<anonymous> (/usr/lib/node_modules/npm/node_modules/npm-registry-client/lib/request.js:308:14)
42 error     at Request._callback (/usr/lib/node_modules/npm/node_modules/npm-registry-client/lib/request.js:246:65)
42 error     at Request.self.callback (/usr/lib/node_modules/npm/node_modules/request/request.js:236:22)
42 error     at Request.emit (events.js:98:17)
42 error     at Request.<anonymous> (/usr/lib/node_modules/npm/node_modules/request/request.js:1142:14)
42 error     at Request.emit (events.js:117:20)
42 error     at IncomingMessage.<anonymous> (/usr/lib/node_modules/npm/node_modules/request/request.js:1096:12)
42 error     at IncomingMessage.emit (events.js:117:20)
42 error     at _stream_readable.js:944:16
42 error     at process._tickCallback (node.js:442:13)
43 error If you need help, you may report this *entire* log,
43 error including the npm and node versions, at:
43 error     <http://github.com/npm/npm/issues>
44 error System Linux 3.13.0-40-generic
45 error command "/usr/bin/node" "/usr/bin/npm" "publish"
46 error cwd /usr/local/src/blaze/modules/meteor-html-tools
47 error node -v v0.10.35
48 error npm -v 1.4.28
49 verbose exit [ 1, true ]
